<?xml version="1.0" encoding="UTF-8"?>
<!-- Generated by org.testng.reporters.JUnitXMLReporter -->
<testsuite hostname="Nancys-Air.localdomain" ignored="0" name="hub spot Sanity Test" tests="6" failures="0" timestamp="25 Nov 2019 21:59:13 GMT" time="65.883" errors="0">
  <testcase name="verifyHomePageTitleTest" time="0.02" classname="com.hubspot.tests.HomePageTest"/>
  <testcase name="loginTest" time="4.397" classname="com.hubspot.tests.LoginPageTest"/>
  <testcase name="loggedInAccountTest" time="0.039" classname="com.hubspot.tests.HomePageTest"/>
  <testcase name="loginTest1" time="4.347" classname="com.hubspot.tests.LoginPageTest"/>
  <testcase name="verifyloggedInAccountTest" time="0.045" classname="com.hubspot.tests.HomePageTest"/>
  <testcase name="loginPageTitleTest" time="3.015" classname="com.hubspot.tests.LoginPageTest"/>
</testsuite> <!-- hub spot Sanity Test -->
